General CPU usage : 1%
CPU core 0 usage : 1%
CPU core 1 usage : 1%
CPU core 2 usage : 1%
CPU core 3 usage : 1%
CPU core 4 usage : 1%
CPU core 5 usage : 1%
CPU core 6 usage : 1%
CPU core 7 usage : 1%
CPU core 8 usage : 2%
Total system RAM : 7987453952M
Total Free RAM : 541925376M
Total Used RAM : 7100M
Total system Swap : 40336613376M
Total Free Swap : 38903246848M
Total Used Swap : 1366M
Total read on sda : 90M.
Total Written on sda : 0M.
Total read on sda1 : 88M.
Total Written on sda1 : 0M.
Total read on nvme0n1 : 2880M.
Total Written on nvme0n1 : 5116M.
Total read on nvme0n1p1 : 2M.
Total Written on nvme0n1p1 : 0M.
Total read on nvme0n1p2 : 4M.
Total Written on nvme0n1p2 : 0M.
Total read on nvme0n1p3 : 2M.
Total Written on nvme0n1p3 : 0M.
Total read on nvme0n1p4 : 16M.
Total Written on nvme0n1p4 : 0M.
Total read on nvme0n1p5 : 2849M.
Total Written on nvme0n1p5 : 5116M.
Total read on nvme0n1p6 : 2M.
Total Written on nvme0n1p6 : 0M.
Total read on zram0 : 1M.
Total Written on zram0 : 0M.
