General CPU usage : 1%
CPU core 0 usage : 1%
CPU core 1 usage : 1%
CPU core 2 usage : 1%
CPU core 3 usage : 1%
CPU core 4 usage : 1%
CPU core 5 usage : 1%
CPU core 6 usage : 1%
CPU core 7 usage : 1%
CPU core 8 usage : 1%
Total system RAM : 7987453952M
Total Free RAM : 615673856M
Total Used RAM : 7371780096M
Total system Swap : 7987453952M
Total Free Swap : 615673856M
Total Used Swap : 7371780096M
Total read on sda : 387771793408M.
Total Written on sda : 33554432M.
Total read on sda1 : 381279010816M.
Total Written on sda1 : 33554432M.
Total read on nvme0n1 : 12108385222656M.
Total Written on nvme0n1 : 20608867893248M.
Total read on nvme0n1p1 : 11140071424M.
Total Written on nvme0n1p1 : 0M.
Total read on nvme0n1p2 : 19428016128M.
Total Written on nvme0n1p2 : 4194304M.
Total read on nvme0n1p3 : 11072962560M.
Total Written on nvme0n1p3 : 0M.
Total read on nvme0n1p4 : 71823261696M.
Total Written on nvme0n1p4 : 0M.
Total read on nvme0n1p5 : 11972959535104M.
Total Written on nvme0n1p5 : 20608863698944M.
Total read on nvme0n1p6 : 8975810560M.
Total Written on nvme0n1p6 : 0M.
Total read on zram0 : 6006243328M.
Total Written on zram0 : 16777216M.
